<?xml version="1.0" encoding="UTF-8"?>
<!-- Generated by org.testng.reporters.JUnitReportReporter -->
<testsuite hostname="DESKTOP-EU9M2QA" failures="0" tests="4" name="dataprovider.RportsExtentClassExample" time="0.014" errors="0" timestamp="2022-08-09T11:59:28 IST" skipped="0">
  <testcase classname="dataprovider.RportsExtentClassExample" name="testcaseD" time="0.000"/>
  <system-out/>
  <testcase classname="dataprovider.RportsExtentClassExample" name="testcaseA" time="0.014"/>
  <system-out/>
  <testcase classname="dataprovider.RportsExtentClassExample" name="testcaseC" time="0.000"/>
  <system-out/>
  <testcase classname="dataprovider.RportsExtentClassExample" name="testcaseB" time="0.000"/>
  <system-out/>
</testsuite> <!-- dataprovider.RportsExtentClassExample -->
